  [1m[35m (0.3ms)[0m  [1m[35mSET NAMES utf8mb4,  @@SESSION.sql_mode = CONCAT(CONCAT(@@sql_mode, ',STRICT_ALL_TABLES'), ',NO_AUTO_VALUE_ON_ZERO'),  @@SESSION.sql_auto_is_null = 0, @@SESSION.wait_timeout = 2147483[0m
  [1m[35m (0.3ms)[0m  [1m[35mCREATE DATABASE `final_saloon_development` DEFAULT CHARACTER SET `utf8mb4`[0m
  [1m[35m (0.3ms)[0m  [1m[35mSET NAMES utf8mb4,  @@SESSION.sql_mode = CONCAT(CONCAT(@@sql_mode, ',STRICT_ALL_TABLES'), ',NO_AUTO_VALUE_ON_ZERO'),  @@SESSION.sql_auto_is_null = 0, @@SESSION.wait_timeout = 2147483[0m
  [1m[35m (0.2ms)[0m  [1m[35mCREATE DATABASE `final_saloon_test` DEFAULT CHARACTER SET `utf8mb4`[0m
  [1m[35m (0.3ms)[0m  [1m[35mSET NAMES utf8mb4,  @@SESSION.sql_mode = CONCAT(CONCAT(@@sql_mode, ',STRICT_ALL_TABLES'), ',NO_AUTO_VALUE_ON_ZERO'),  @@SESSION.sql_auto_is_null = 0, @@SESSION.wait_timeout = 2147483[0m
  [1m[35m (317.1ms)[0m  [1m[35mCREATE TABLE `schema_migrations` (`version` varchar(255) NOT NULL PRIMARY KEY)[0m
  [1m[35m (368.0ms)[0m  [1m[35mCREATE TABLE `ar_internal_metadata` (`key` varchar(255) NOT NULL PRIMARY KEY, `value` varchar(255), `created_at` datetime(6) NOT NULL, `updated_at` datetime(6) NOT NULL)[0m
  [1m[35m (0.4ms)[0m  [1m[34mSELECT GET_LOCK('3031486293093627600', 0)[0m
  [1m[35m (0.2ms)[0m  [1m[34mSELECT `schema_migrations`.`version` FROM `schema_migrations` ORDER BY `schema_migrations`.`version` ASC[0m
Migrating to CreateUsers (20191227061522)
  [1m[35m (328.4ms)[0m  [1m[35mCREATE TABLE `users` (`id` bigint NOT NULL AUTO_INCREMENT PRIMARY KEY, `first_name` varchar(100), `last_name` varchar(100), `address` text, `email` varchar(255), `mobile` varchar(13), `created_at` datetime(6) NOT NULL, `updated_at` datetime(6) NOT NULL)[0m
  [1m[35m (0.3ms)[0m  [1m[35mBEGIN[0m
  [1m[36mprimary::SchemaMigration Create (14.0ms)[0m  [1m[32mINSERT INTO `schema_migrations` (`version`) VALUES ('20191227061522')[0m
  [1m[35m (59.8ms)[0m  [1m[35mCOMMIT[0m
  [1m[36mActiveRecord::InternalMetadata Load (0.7ms)[0m  [1m[34mSELECT `ar_internal_metadata`.* FROM `ar_internal_metadata` WHERE `ar_internal_metadata`.`key` = 'environment' LIMIT 1[0m
  [1m[35m (0.4ms)[0m  [1m[35mBEGIN[0m
  [1m[36mActiveRecord::InternalMetadata Create (0.6ms)[0m  [1m[32mINSERT INTO `ar_internal_metadata` (`key`, `value`, `created_at`, `updated_at`) VALUES ('environment', 'development', '2019-12-27 06:17:39.673240', '2019-12-27 06:17:39.673240')[0m
  [1m[35m (45.7ms)[0m  [1m[35mCOMMIT[0m
  [1m[35m (0.5ms)[0m  [1m[34mSELECT RELEASE_LOCK('3031486293093627600')[0m
  [1m[35m (0.5ms)[0m  [1m[35mSET NAMES utf8mb4,  @@SESSION.sql_mode = CONCAT(CONCAT(@@sql_mode, ',STRICT_ALL_TABLES'), ',NO_AUTO_VALUE_ON_ZERO'),  @@SESSION.sql_auto_is_null = 0, @@SESSION.wait_timeout = 2147483[0m
  [1m[35m (0.6ms)[0m  [1m[34mSELECT `schema_migrations`.`version` FROM `schema_migrations` ORDER BY `schema_migrations`.`version` ASC[0m
  [1m[35m (0.3ms)[0m  [1m[35mSET NAMES utf8mb4,  @@SESSION.sql_mode = CONCAT(CONCAT(@@sql_mode, ',STRICT_ALL_TABLES'), ',NO_AUTO_VALUE_ON_ZERO'),  @@SESSION.sql_auto_is_null = 0, @@SESSION.wait_timeout = 2147483[0m
  [1m[35m (0.1ms)[0m  [1m[34mSELECT GET_LOCK('3031486293093627600', 0)[0m
  [1m[35m (0.2ms)[0m  [1m[34mSELECT `schema_migrations`.`version` FROM `schema_migrations` ORDER BY `schema_migrations`.`version` ASC[0m
Migrating to CreateCategories (20191227061857)
  [1m[35m (325.1ms)[0m  [1m[35mCREATE TABLE `categories` (`id` bigint NOT NULL AUTO_INCREMENT PRIMARY KEY, `name` varchar(30), `created_at` datetime(6) NOT NULL, `updated_at` datetime(6) NOT NULL)[0m
  [1m[35m (0.4ms)[0m  [1m[35mBEGIN[0m
  [1m[36mprimary::SchemaMigration Create (0.6ms)[0m  [1m[32mINSERT INTO `schema_migrations` (`version`) VALUES ('20191227061857')[0m
  [1m[35m (107.3ms)[0m  [1m[35mCOMMIT[0m
  [1m[36mActiveRecord::InternalMetadata Load (0.3ms)[0m  [1m[34mSELECT `ar_internal_metadata`.* FROM `ar_internal_metadata` WHERE `ar_internal_metadata`.`key` = 'environment' LIMIT 1[0m
  [1m[35m (0.2ms)[0m  [1m[34mSELECT RELEASE_LOCK('3031486293093627600')[0m
  [1m[35m (0.2ms)[0m  [1m[35mSET NAMES utf8mb4,  @@SESSION.sql_mode = CONCAT(CONCAT(@@sql_mode, ',STRICT_ALL_TABLES'), ',NO_AUTO_VALUE_ON_ZERO'),  @@SESSION.sql_auto_is_null = 0, @@SESSION.wait_timeout = 2147483[0m
  [1m[35m (0.3ms)[0m  [1m[34mSELECT `schema_migrations`.`version` FROM `schema_migrations` ORDER BY `schema_migrations`.`version` ASC[0m
  [1m[35m (0.2ms)[0m  [1m[35mSET NAMES utf8mb4,  @@SESSION.sql_mode = CONCAT(CONCAT(@@sql_mode, ',STRICT_ALL_TABLES'), ',NO_AUTO_VALUE_ON_ZERO'),  @@SESSION.sql_auto_is_null = 0, @@SESSION.wait_timeout = 2147483[0m
  [1m[35m (0.1ms)[0m  [1m[34mSELECT GET_LOCK('3031486293093627600', 0)[0m
  [1m[35m (0.2ms)[0m  [1m[34mSELECT `schema_migrations`.`version` FROM `schema_migrations` ORDER BY `schema_migrations`.`version` ASC[0m
Migrating to CreateProducts (20191227061915)
  [1m[35m (0.2ms)[0m  [1m[34mSELECT RELEASE_LOCK('3031486293093627600')[0m
  [1m[35m (0.3ms)[0m  [1m[35mSET NAMES utf8mb4,  @@SESSION.sql_mode = CONCAT(CONCAT(@@sql_mode, ',STRICT_ALL_TABLES'), ',NO_AUTO_VALUE_ON_ZERO'),  @@SESSION.sql_auto_is_null = 0, @@SESSION.wait_timeout = 2147483[0m
  [1m[35m (0.2ms)[0m  [1m[34mSELECT GET_LOCK('3031486293093627600', 0)[0m
  [1m[35m (0.3ms)[0m  [1m[34mSELECT `schema_migrations`.`version` FROM `schema_migrations` ORDER BY `schema_migrations`.`version` ASC[0m
Migrating to CreateProducts (20191227062122)
  [1m[35m (349.9ms)[0m  [1m[35mCREATE TABLE `products` (`id` bigint NOT NULL AUTO_INCREMENT PRIMARY KEY, `name` varchar(100), `category_id` bigint NOT NULL, `description` text, `mrp` decimal, `discount` decimal, `discount_type` varchar(3), `created_at` datetime(6) NOT NULL, `updated_at` datetime(6) NOT NULL,  INDEX `index_products_on_category_id`  (`category_id`), CONSTRAINT `fk_rails_fb915499a4`
FOREIGN KEY (`category_id`)
  REFERENCES `categories` (`id`)
)[0m
  [1m[35m (0.3ms)[0m  [1m[35mBEGIN[0m
  [1m[36mprimary::SchemaMigration Create (0.5ms)[0m  [1m[32mINSERT INTO `schema_migrations` (`version`) VALUES ('20191227062122')[0m
  [1m[35m (39.1ms)[0m  [1m[35mCOMMIT[0m
  [1m[36mActiveRecord::InternalMetadata Load (0.8ms)[0m  [1m[34mSELECT `ar_internal_metadata`.* FROM `ar_internal_metadata` WHERE `ar_internal_metadata`.`key` = 'environment' LIMIT 1[0m
  [1m[35m (0.5ms)[0m  [1m[34mSELECT RELEASE_LOCK('3031486293093627600')[0m
  [1m[35m (0.4ms)[0m  [1m[35mSET NAMES utf8mb4,  @@SESSION.sql_mode = CONCAT(CONCAT(@@sql_mode, ',STRICT_ALL_TABLES'), ',NO_AUTO_VALUE_ON_ZERO'),  @@SESSION.sql_auto_is_null = 0, @@SESSION.wait_timeout = 2147483[0m
  [1m[35m (0.2ms)[0m  [1m[34mSELECT `schema_migrations`.`version` FROM `schema_migrations` ORDER BY `schema_migrations`.`version` ASC[0m
  [1m[35m (0.3ms)[0m  [1m[35mSET NAMES utf8mb4,  @@SESSION.sql_mode = CONCAT(CONCAT(@@sql_mode, ',STRICT_ALL_TABLES'), ',NO_AUTO_VALUE_ON_ZERO'),  @@SESSION.sql_auto_is_null = 0, @@SESSION.wait_timeout = 2147483[0m
  [1m[35m (0.2ms)[0m  [1m[34mSELECT GET_LOCK('3031486293093627600', 0)[0m
  [1m[35m (0.3ms)[0m  [1m[34mSELECT `schema_migrations`.`version` FROM `schema_migrations` ORDER BY `schema_migrations`.`version` ASC[0m
Migrating to CreateServices (20191227062146)
  [1m[35m (306.0ms)[0m  [1m[35mCREATE TABLE `services` (`id` bigint NOT NULL AUTO_INCREMENT PRIMARY KEY, `name` varchar(30), `price` decimal, `description` text, `created_at` datetime(6) NOT NULL, `updated_at` datetime(6) NOT NULL)[0m
  [1m[35m (0.3ms)[0m  [1m[35mBEGIN[0m
  [1m[36mprimary::SchemaMigration Create (0.6ms)[0m  [1m[32mINSERT INTO `schema_migrations` (`version`) VALUES ('20191227062146')[0m
  [1m[35m (97.7ms)[0m  [1m[35mCOMMIT[0m
  [1m[36mActiveRecord::InternalMetadata Load (0.2ms)[0m  [1m[34mSELECT `ar_internal_metadata`.* FROM `ar_internal_metadata` WHERE `ar_internal_metadata`.`key` = 'environment' LIMIT 1[0m
  [1m[35m (0.1ms)[0m  [1m[34mSELECT RELEASE_LOCK('3031486293093627600')[0m
  [1m[35m (0.2ms)[0m  [1m[35mSET NAMES utf8mb4,  @@SESSION.sql_mode = CONCAT(CONCAT(@@sql_mode, ',STRICT_ALL_TABLES'), ',NO_AUTO_VALUE_ON_ZERO'),  @@SESSION.sql_auto_is_null = 0, @@SESSION.wait_timeout = 2147483[0m
  [1m[35m (0.1ms)[0m  [1m[34mSELECT `schema_migrations`.`version` FROM `schema_migrations` ORDER BY `schema_migrations`.`version` ASC[0m
  [1m[35m (0.4ms)[0m  [1m[35mSET NAMES utf8mb4,  @@SESSION.sql_mode = CONCAT(CONCAT(@@sql_mode, ',STRICT_ALL_TABLES'), ',NO_AUTO_VALUE_ON_ZERO'),  @@SESSION.sql_auto_is_null = 0, @@SESSION.wait_timeout = 2147483[0m
  [1m[35m (0.1ms)[0m  [1m[34mSELECT GET_LOCK('3031486293093627600', 0)[0m
  [1m[35m (0.2ms)[0m  [1m[34mSELECT `schema_migrations`.`version` FROM `schema_migrations` ORDER BY `schema_migrations`.`version` ASC[0m
Migrating to CreateOrders (20191227062232)
  [1m[35m (374.3ms)[0m  [1m[35mCREATE TABLE `orders` (`id` bigint NOT NULL AUTO_INCREMENT PRIMARY KEY, `user_id` bigint NOT NULL, `payment_id` varchar(20), `payment_mode` varchar(30), `date_time` datetime, `total` decimal, `status` varchar(20), `created_at` datetime(6) NOT NULL, `updated_at` datetime(6) NOT NULL,  INDEX `index_orders_on_user_id`  (`user_id`), CONSTRAINT `fk_rails_f868b47f6a`
FOREIGN KEY (`user_id`)
  REFERENCES `users` (`id`)
)[0m
  [1m[35m (0.4ms)[0m  [1m[35mBEGIN[0m
  [1m[36mprimary::SchemaMigration Create (0.5ms)[0m  [1m[32mINSERT INTO `schema_migrations` (`version`) VALUES ('20191227062232')[0m
  [1m[35m (47.6ms)[0m  [1m[35mCOMMIT[0m
  [1m[36mActiveRecord::InternalMetadata Load (0.3ms)[0m  [1m[34mSELECT `ar_internal_metadata`.* FROM `ar_internal_metadata` WHERE `ar_internal_metadata`.`key` = 'environment' LIMIT 1[0m
  [1m[35m (0.2ms)[0m  [1m[34mSELECT RELEASE_LOCK('3031486293093627600')[0m
  [1m[35m (0.3ms)[0m  [1m[35mSET NAMES utf8mb4,  @@SESSION.sql_mode = CONCAT(CONCAT(@@sql_mode, ',STRICT_ALL_TABLES'), ',NO_AUTO_VALUE_ON_ZERO'),  @@SESSION.sql_auto_is_null = 0, @@SESSION.wait_timeout = 2147483[0m
  [1m[35m (0.4ms)[0m  [1m[34mSELECT `schema_migrations`.`version` FROM `schema_migrations` ORDER BY `schema_migrations`.`version` ASC[0m
  [1m[35m (0.3ms)[0m  [1m[35mSET NAMES utf8mb4,  @@SESSION.sql_mode = CONCAT(CONCAT(@@sql_mode, ',STRICT_ALL_TABLES'), ',NO_AUTO_VALUE_ON_ZERO'),  @@SESSION.sql_auto_is_null = 0, @@SESSION.wait_timeout = 2147483[0m
  [1m[35m (0.2ms)[0m  [1m[34mSELECT GET_LOCK('3031486293093627600', 0)[0m
  [1m[35m (0.3ms)[0m  [1m[34mSELECT `schema_migrations`.`version` FROM `schema_migrations` ORDER BY `schema_migrations`.`version` ASC[0m
Migrating to CreateOrderProducts (20191227062319)
  [1m[35m (421.4ms)[0m  [1m[35mCREATE TABLE `order_products` (`id` bigint NOT NULL AUTO_INCREMENT PRIMARY KEY, `product_id` bigint NOT NULL, `order_id` bigint NOT NULL, `price` decimal, `discount` decimal, `discount_type` varchar(3), `total` decimal, `created_at` datetime(6) NOT NULL, `updated_at` datetime(6) NOT NULL,  INDEX `index_order_products_on_product_id`  (`product_id`),  INDEX `index_order_products_on_order_id`  (`order_id`), CONSTRAINT `fk_rails_96c0709f78`
FOREIGN KEY (`product_id`)
  REFERENCES `products` (`id`)
, CONSTRAINT `fk_rails_f40b8ccee4`
FOREIGN KEY (`order_id`)
  REFERENCES `orders` (`id`)
)[0m
  [1m[35m (0.4ms)[0m  [1m[35mBEGIN[0m
  [1m[36mprimary::SchemaMigration Create (0.4ms)[0m  [1m[32mINSERT INTO `schema_migrations` (`version`) VALUES ('20191227062319')[0m
  [1m[35m (78.8ms)[0m  [1m[35mCOMMIT[0m
  [1m[36mActiveRecord::InternalMetadata Load (0.3ms)[0m  [1m[34mSELECT `ar_internal_metadata`.* FROM `ar_internal_metadata` WHERE `ar_internal_metadata`.`key` = 'environment' LIMIT 1[0m
  [1m[35m (0.2ms)[0m  [1m[34mSELECT RELEASE_LOCK('3031486293093627600')[0m
  [1m[35m (0.2ms)[0m  [1m[35mSET NAMES utf8mb4,  @@SESSION.sql_mode = CONCAT(CONCAT(@@sql_mode, ',STRICT_ALL_TABLES'), ',NO_AUTO_VALUE_ON_ZERO'),  @@SESSION.sql_auto_is_null = 0, @@SESSION.wait_timeout = 2147483[0m
  [1m[35m (0.3ms)[0m  [1m[34mSELECT `schema_migrations`.`version` FROM `schema_migrations` ORDER BY `schema_migrations`.`version` ASC[0m
  [1m[35m (0.3ms)[0m  [1m[35mSET NAMES utf8mb4,  @@SESSION.sql_mode = CONCAT(CONCAT(@@sql_mode, ',STRICT_ALL_TABLES'), ',NO_AUTO_VALUE_ON_ZERO'),  @@SESSION.sql_auto_is_null = 0, @@SESSION.wait_timeout = 2147483[0m
  [1m[35m (0.1ms)[0m  [1m[34mSELECT GET_LOCK('3031486293093627600', 0)[0m
  [1m[35m (0.3ms)[0m  [1m[34mSELECT `schema_migrations`.`version` FROM `schema_migrations` ORDER BY `schema_migrations`.`version` ASC[0m
Migrating to CreateAppointments (20191227062356)
  [1m[35m (0.3ms)[0m  [1m[34mSELECT RELEASE_LOCK('3031486293093627600')[0m
  [1m[35m (0.3ms)[0m  [1m[35mSET NAMES utf8mb4,  @@SESSION.sql_mode = CONCAT(CONCAT(@@sql_mode, ',STRICT_ALL_TABLES'), ',NO_AUTO_VALUE_ON_ZERO'),  @@SESSION.sql_auto_is_null = 0, @@SESSION.wait_timeout = 2147483[0m
  [1m[35m (0.1ms)[0m  [1m[34mSELECT GET_LOCK('3031486293093627600', 0)[0m
  [1m[35m (0.2ms)[0m  [1m[34mSELECT `schema_migrations`.`version` FROM `schema_migrations` ORDER BY `schema_migrations`.`version` ASC[0m
Migrating to CreateAppointments (20191227062442)
  [1m[35m (431.7ms)[0m  [1m[35mCREATE TABLE `appointments` (`id` bigint NOT NULL AUTO_INCREMENT PRIMARY KEY, `user_id` bigint NOT NULL, `service_id` bigint NOT NULL, `payment_id` varchar(20), `payment_mode` varchar(30), `price` decimal, `start_time` datetime, `end_time` datetime, `status` varchar(20), `remark` text, `created_at` datetime(6) NOT NULL, `updated_at` datetime(6) NOT NULL,  INDEX `index_appointments_on_user_id`  (`user_id`),  INDEX `index_appointments_on_service_id`  (`service_id`), CONSTRAINT `fk_rails_9e31213785`
FOREIGN KEY (`user_id`)
  REFERENCES `users` (`id`)
, CONSTRAINT `fk_rails_486091c262`
FOREIGN KEY (`service_id`)
  REFERENCES `services` (`id`)
)[0m
  [1m[35m (0.3ms)[0m  [1m[35mBEGIN[0m
  [1m[36mprimary::SchemaMigration Create (0.6ms)[0m  [1m[32mINSERT INTO `schema_migrations` (`version`) VALUES ('20191227062442')[0m
  [1m[35m (50.6ms)[0m  [1m[35mCOMMIT[0m
  [1m[36mActiveRecord::InternalMetadata Load (0.7ms)[0m  [1m[34mSELECT `ar_internal_metadata`.* FROM `ar_internal_metadata` WHERE `ar_internal_metadata`.`key` = 'environment' LIMIT 1[0m
  [1m[35m (0.2ms)[0m  [1m[34mSELECT RELEASE_LOCK('3031486293093627600')[0m
  [1m[35m (0.3ms)[0m  [1m[35mSET NAMES utf8mb4,  @@SESSION.sql_mode = CONCAT(CONCAT(@@sql_mode, ',STRICT_ALL_TABLES'), ',NO_AUTO_VALUE_ON_ZERO'),  @@SESSION.sql_auto_is_null = 0, @@SESSION.wait_timeout = 2147483[0m
  [1m[35m (0.3ms)[0m  [1m[34mSELECT `schema_migrations`.`version` FROM `schema_migrations` ORDER BY `schema_migrations`.`version` ASC[0m
  [1m[35m (0.3ms)[0m  [1m[35mSET NAMES utf8mb4,  @@SESSION.sql_mode = CONCAT(CONCAT(@@sql_mode, ',STRICT_ALL_TABLES'), ',NO_AUTO_VALUE_ON_ZERO'),  @@SESSION.sql_auto_is_null = 0, @@SESSION.wait_timeout = 2147483[0m
  [1m[35m (0.3ms)[0m  [1m[34mSELECT `schema_migrations`.`version` FROM `schema_migrations` ORDER BY `schema_migrations`.`version` ASC[0m
  [1m[35m (0.3ms)[0m  [1m[34mSELECT `ar_internal_metadata`.`value` FROM `ar_internal_metadata` WHERE `ar_internal_metadata`.`key` = 'environment'[0m
  [1m[35m (0.2ms)[0m  [1m[34mSELECT `schema_migrations`.`version` FROM `schema_migrations` ORDER BY `schema_migrations`.`version` ASC[0m
  [1m[35m (0.2ms)[0m  [1m[34mSELECT `ar_internal_metadata`.`value` FROM `ar_internal_metadata` WHERE `ar_internal_metadata`.`key` = 'environment'[0m
  [1m[35m (0.2ms)[0m  [1m[34mSELECT `schema_migrations`.`version` FROM `schema_migrations` ORDER BY `schema_migrations`.`version` ASC[0m
  [1m[35m (0.1ms)[0m  [1m[34mSELECT `ar_internal_metadata`.`value` FROM `ar_internal_metadata` WHERE `ar_internal_metadata`.`key` = 'environment'[0m
  [1m[35m (0.2ms)[0m  [1m[35mSET NAMES utf8mb4,  @@SESSION.sql_mode = CONCAT(CONCAT(@@sql_mode, ',STRICT_ALL_TABLES'), ',NO_AUTO_VALUE_ON_ZERO'),  @@SESSION.sql_auto_is_null = 0, @@SESSION.wait_timeout = 2147483[0m
  [1m[35m (1779.1ms)[0m  [1m[35mDROP DATABASE IF EXISTS `final_saloon_development`[0m
  [1m[35m (0.5ms)[0m  [1m[35mSET NAMES utf8mb4,  @@SESSION.sql_mode = CONCAT(CONCAT(@@sql_mode, ',STRICT_ALL_TABLES'), ',NO_AUTO_VALUE_ON_ZERO'),  @@SESSION.sql_auto_is_null = 0, @@SESSION.wait_timeout = 2147483[0m
  [1m[35m (51.5ms)[0m  [1m[35mDROP DATABASE IF EXISTS `final_saloon_test`[0m
  [1m[35m (0.2ms)[0m  [1m[35mSET NAMES utf8mb4,  @@SESSION.sql_mode = CONCAT(CONCAT(@@sql_mode, ',STRICT_ALL_TABLES'), ',NO_AUTO_VALUE_ON_ZERO'),  @@SESSION.sql_auto_is_null = 0, @@SESSION.wait_timeout = 2147483[0m
  [1m[35m (0.2ms)[0m  [1m[35mCREATE DATABASE `final_saloon_development` DEFAULT CHARACTER SET `utf8mb4`[0m
  [1m[35m (0.2ms)[0m  [1m[35mSET NAMES utf8mb4,  @@SESSION.sql_mode = CONCAT(CONCAT(@@sql_mode, ',STRICT_ALL_TABLES'), ',NO_AUTO_VALUE_ON_ZERO'),  @@SESSION.sql_auto_is_null = 0, @@SESSION.wait_timeout = 2147483[0m
  [1m[35m (0.1ms)[0m  [1m[35mCREATE DATABASE `final_saloon_test` DEFAULT CHARACTER SET `utf8mb4`[0m
  [1m[35m (0.3ms)[0m  [1m[35mSET NAMES utf8mb4,  @@SESSION.sql_mode = CONCAT(CONCAT(@@sql_mode, ',STRICT_ALL_TABLES'), ',NO_AUTO_VALUE_ON_ZERO'),  @@SESSION.sql_auto_is_null = 0, @@SESSION.wait_timeout = 2147483[0m
  [1m[35m (370.1ms)[0m  [1m[35mCREATE TABLE `schema_migrations` (`version` varchar(255) NOT NULL PRIMARY KEY)[0m
  [1m[35m (413.5ms)[0m  [1m[35mCREATE TABLE `ar_internal_metadata` (`key` varchar(255) NOT NULL PRIMARY KEY, `value` varchar(255), `created_at` datetime(6) NOT NULL, `updated_at` datetime(6) NOT NULL)[0m
  [1m[35m (0.4ms)[0m  [1m[34mSELECT GET_LOCK('3031486293093627600', 0)[0m
  [1m[35m (0.3ms)[0m  [1m[34mSELECT `schema_migrations`.`version` FROM `schema_migrations` ORDER BY `schema_migrations`.`version` ASC[0m
Migrating to CreateUsers (20191227061522)
  [1m[35m (347.7ms)[0m  [1m[35mCREATE TABLE `users` (`id` bigint NOT NULL AUTO_INCREMENT PRIMARY KEY, `first_name` varchar(100), `last_name` varchar(100), `address` text, `email` varchar(255), `mobile` varchar(13), `created_at` datetime(6) NOT NULL, `updated_at` datetime(6) NOT NULL)[0m
  [1m[35m (0.4ms)[0m  [1m[35mBEGIN[0m
  [1m[36mprimary::SchemaMigration Create (0.6ms)[0m  [1m[32mINSERT INTO `schema_migrations` (`version`) VALUES ('20191227061522')[0m
  [1m[35m (47.1ms)[0m  [1m[35mCOMMIT[0m
Migrating to CreateCategories (20191227061857)
  [1m[35m (314.2ms)[0m  [1m[35mCREATE TABLE `categories` (`id` bigint NOT NULL AUTO_INCREMENT PRIMARY KEY, `name` varchar(30), `created_at` datetime(6) NOT NULL, `updated_at` datetime(6) NOT NULL)[0m
  [1m[35m (0.4ms)[0m  [1m[35mBEGIN[0m
  [1m[36mprimary::SchemaMigration Create (0.3ms)[0m  [1m[32mINSERT INTO `schema_migrations` (`version`) VALUES ('20191227061857')[0m
  [1m[35m (90.0ms)[0m  [1m[35mCOMMIT[0m
Migrating to CreateProducts (20191227062122)
  [1m[35m (415.1ms)[0m  [1m[35mCREATE TABLE `products` (`id` bigint NOT NULL AUTO_INCREMENT PRIMARY KEY, `name` varchar(100), `category_id` bigint NOT NULL, `description` text, `mrp` decimal, `discount` decimal, `discount_type` varchar(3), `created_at` datetime(6) NOT NULL, `updated_at` datetime(6) NOT NULL,  INDEX `index_products_on_category_id`  (`category_id`), CONSTRAINT `fk_rails_fb915499a4`
FOREIGN KEY (`category_id`)
  REFERENCES `categories` (`id`)
)[0m
  [1m[35m (0.3ms)[0m  [1m[35mBEGIN[0m
  [1m[36mprimary::SchemaMigration Create (0.5ms)[0m  [1m[32mINSERT INTO `schema_migrations` (`version`) VALUES ('20191227062122')[0m
  [1m[35m (49.3ms)[0m  [1m[35mCOMMIT[0m
Migrating to CreateServices (20191227062146)
  [1m[35m (347.2ms)[0m  [1m[35mCREATE TABLE `services` (`id` bigint NOT NULL AUTO_INCREMENT PRIMARY KEY, `name` varchar(30), `price` decimal, `description` text, `created_at` datetime(6) NOT NULL, `updated_at` datetime(6) NOT NULL)[0m
  [1m[35m (0.4ms)[0m  [1m[35mBEGIN[0m
  [1m[36mprimary::SchemaMigration Create (0.5ms)[0m  [1m[32mINSERT INTO `schema_migrations` (`version`) VALUES ('20191227062146')[0m
  [1m[35m (74.0ms)[0m  [1m[35mCOMMIT[0m
Migrating to CreateOrders (20191227062232)
  [1m[35m (446.1ms)[0m  [1m[35mCREATE TABLE `orders` (`id` bigint NOT NULL AUTO_INCREMENT PRIMARY KEY, `user_id` bigint NOT NULL, `payment_id` varchar(20), `payment_mode` varchar(30), `date_time` datetime, `total` decimal, `status` varchar(20), `created_at` datetime(6) NOT NULL, `updated_at` datetime(6) NOT NULL,  INDEX `index_orders_on_user_id`  (`user_id`), CONSTRAINT `fk_rails_f868b47f6a`
FOREIGN KEY (`user_id`)
  REFERENCES `users` (`id`)
)[0m
  [1m[35m (0.4ms)[0m  [1m[35mBEGIN[0m
  [1m[36mprimary::SchemaMigration Create (0.5ms)[0m  [1m[32mINSERT INTO `schema_migrations` (`version`) VALUES ('20191227062232')[0m
  [1m[35m (49.5ms)[0m  [1m[35mCOMMIT[0m
Migrating to CreateOrderProducts (20191227062319)
  [1m[35m (453.2ms)[0m  [1m[35mCREATE TABLE `order_products` (`id` bigint NOT NULL AUTO_INCREMENT PRIMARY KEY, `product_id` bigint NOT NULL, `order_id` bigint NOT NULL, `price` decimal, `discount` decimal, `discount_type` varchar(3), `total` decimal, `created_at` datetime(6) NOT NULL, `updated_at` datetime(6) NOT NULL,  INDEX `index_order_products_on_product_id`  (`product_id`),  INDEX `index_order_products_on_order_id`  (`order_id`), CONSTRAINT `fk_rails_96c0709f78`
FOREIGN KEY (`product_id`)
  REFERENCES `products` (`id`)
, CONSTRAINT `fk_rails_f40b8ccee4`
FOREIGN KEY (`order_id`)
  REFERENCES `orders` (`id`)
)[0m
  [1m[35m (0.4ms)[0m  [1m[35mBEGIN[0m
  [1m[36mprimary::SchemaMigration Create (0.3ms)[0m  [1m[32mINSERT INTO `schema_migrations` (`version`) VALUES ('20191227062319')[0m
  [1m[35m (51.7ms)[0m  [1m[35mCOMMIT[0m
Migrating to CreateAppointments (20191227062442)
  [1m[35m (451.5ms)[0m  [1m[35mCREATE TABLE `appointments` (`id` bigint NOT NULL AUTO_INCREMENT PRIMARY KEY, `user_id` bigint NOT NULL, `service_id` bigint NOT NULL, `payment_id` varchar(20), `payment_mode` varchar(30), `price` decimal, `start_time` datetime, `end_time` datetime, `status` varchar(20), `remark` text, `created_at` datetime(6) NOT NULL, `updated_at` datetime(6) NOT NULL,  INDEX `index_appointments_on_user_id`  (`user_id`),  INDEX `index_appointments_on_service_id`  (`service_id`), CONSTRAINT `fk_rails_9e31213785`
FOREIGN KEY (`user_id`)
  REFERENCES `users` (`id`)
, CONSTRAINT `fk_rails_486091c262`
FOREIGN KEY (`service_id`)
  REFERENCES `services` (`id`)
)[0m
  [1m[35m (0.2ms)[0m  [1m[35mBEGIN[0m
  [1m[36mprimary::SchemaMigration Create (0.3ms)[0m  [1m[32mINSERT INTO `schema_migrations` (`version`) VALUES ('20191227062442')[0m
  [1m[35m (46.8ms)[0m  [1m[35mCOMMIT[0m
  [1m[36mActiveRecord::InternalMetadata Load (0.6ms)[0m  [1m[34mSELECT `ar_internal_metadata`.* FROM `ar_internal_metadata` WHERE `ar_internal_metadata`.`key` = 'environment' LIMIT 1[0m
  [1m[35m (0.3ms)[0m  [1m[35mBEGIN[0m
  [1m[36mActiveRecord::InternalMetadata Create (0.4ms)[0m  [1m[32mINSERT INTO `ar_internal_metadata` (`key`, `value`, `created_at`, `updated_at`) VALUES ('environment', 'development', '2019-12-27 06:35:28.454717', '2019-12-27 06:35:28.454717')[0m
  [1m[35m (47.0ms)[0m  [1m[35mCOMMIT[0m
  [1m[35m (0.5ms)[0m  [1m[34mSELECT RELEASE_LOCK('3031486293093627600')[0m
  [1m[35m (0.5ms)[0m  [1m[35mSET NAMES utf8mb4,  @@SESSION.sql_mode = CONCAT(CONCAT(@@sql_mode, ',STRICT_ALL_TABLES'), ',NO_AUTO_VALUE_ON_ZERO'),  @@SESSION.sql_auto_is_null = 0, @@SESSION.wait_timeout = 2147483[0m
  [1m[35m (0.6ms)[0m  [1m[34mSELECT `schema_migrations`.`version` FROM `schema_migrations` ORDER BY `schema_migrations`.`version` ASC[0m
  [1m[35m (0.5ms)[0m  [1m[35mSET NAMES utf8mb4,  @@SESSION.sql_mode = CONCAT(CONCAT(@@sql_mode, ',STRICT_ALL_TABLES'), ',NO_AUTO_VALUE_ON_ZERO'),  @@SESSION.sql_auto_is_null = 0, @@SESSION.wait_timeout = 2147483[0m
  [1m[35m (0.8ms)[0m  [1m[35mSET NAMES utf8mb4,  @@SESSION.sql_mode = CONCAT(CONCAT(@@sql_mode, ',STRICT_ALL_TABLES'), ',NO_AUTO_VALUE_ON_ZERO'),  @@SESSION.sql_auto_is_null = 0, @@SESSION.wait_timeout = 2147483[0m
  [1m[35m (0.4ms)[0m  [1m[35mBEGIN[0m
  [1m[36mUser Create (0.5ms)[0m  [1m[32mINSERT INTO `users` (`first_name`, `last_name`, `address`, `email`, `mobile`, `created_at`, `updated_at`) VALUES ('monika', 'kasetiya', 'varacha', 'kasetiyamonika@gmail.com', '919724533470', '2019-12-27 06:47:09.498793', '2019-12-27 06:47:09.498793')[0m
  [1m[35m (64.8ms)[0m  [1m[35mCOMMIT[0m
  [1m[36mUser Load (0.7ms)[0m  [1m[34mSELECT `users`.* FROM `users` LIMIT 11[0m
  [1m[35m (0.2ms)[0m  [1m[35mBEGIN[0m
  [1m[36mUser Create (0.3ms)[0m  [1m[32mINSERT INTO `users` (`first_name`, `last_name`, `address`, `email`, `mobile`, `created_at`, `updated_at`) VALUES ('monu', 'patel', 'Surat city', 'patelmonu@gmail.com', '917433956660', '2019-12-27 06:48:50.339027', '2019-12-27 06:48:50.339027')[0m
  [1m[35m (92.5ms)[0m  [1m[35mCOMMIT[0m
  [1m[36mUser Load (0.5ms)[0m  [1m[34mSELECT `users`.* FROM `users` LIMIT 11[0m
  [1m[35m (0.4ms)[0m  [1m[35mBEGIN[0m
  [1m[36mUser Create (0.6ms)[0m  [1m[32mINSERT INTO `users` (`first_name`, `last_name`, `address`, `email`, `mobile`, `created_at`, `updated_at`) VALUES ('monsun', 'jani', 'simada', 'monsunjani@gmail.com', '919856254112', '2019-12-27 06:50:33.260818', '2019-12-27 06:50:33.260818')[0m
  [1m[35m (47.1ms)[0m  [1m[35mCOMMIT[0m
  [1m[35m (0.2ms)[0m  [1m[35mBEGIN[0m
  [1m[36mCategory Create (0.3ms)[0m  [1m[32mINSERT INTO `categories` (`name`, `created_at`, `updated_at`) VALUES ('Hair treatment', '2019-12-27 06:52:38.579531', '2019-12-27 06:52:38.579531')[0m
  [1m[35m (51.9ms)[0m  [1m[35mCOMMIT[0m
  [1m[36mCategory Load (0.6ms)[0m  [1m[34mSELECT `categories`.* FROM `categories` LIMIT 11[0m
  [1m[35m (0.3ms)[0m  [1m[35mBEGIN[0m
  [1m[36mCategory Create (0.5ms)[0m  [1m[32mINSERT INTO `categories` (`name`, `created_at`, `updated_at`) VALUES ('nail treatment', '2019-12-27 06:54:00.798139', '2019-12-27 06:54:00.798139')[0m
  [1m[35m (111.9ms)[0m  [1m[35mCOMMIT[0m
  [1m[35m (0.1ms)[0m  [1m[35mBEGIN[0m
  [1m[36mService Create (0.3ms)[0m  [1m[32mINSERT INTO `services` (`name`, `price`, `description`, `created_at`, `updated_at`) VALUES ('hair cut', 300, 'i love this all services', '2019-12-27 06:56:06.979910', '2019-12-27 06:56:06.979910')[0m
  [1m[35m (56.1ms)[0m  [1m[35mCOMMIT[0m
  [1m[35m (0.4ms)[0m  [1m[35mBEGIN[0m
  [1m[36mService Create (0.5ms)[0m  [1m[32mINSERT INTO `services` (`name`, `price`, `description`, `created_at`, `updated_at`) VALUES ('hair cut', 300, 'i lov', '2019-12-27 06:57:13.601804', '2019-12-27 06:57:13.601804')[0m
  [1m[35m (108.6ms)[0m  [1m[35mCOMMIT[0m
  [1m[35m (0.3ms)[0m  [1m[35mBEGIN[0m
  [1m[36mService Create (0.5ms)[0m  [1m[32mINSERT INTO `services` (`name`, `price`, `description`, `created_at`, `updated_at`) VALUES ('hair remove', 300, 'i love this all services', '2019-12-27 06:57:49.826222', '2019-12-27 06:57:49.826222')[0m
  [1m[35m (53.0ms)[0m  [1m[35mCOMMIT[0m
  [1m[36mService Load (0.6ms)[0m  [1m[34mSELECT `services`.* FROM `services` LIMIT 11[0m
  [1m[36mCategory Load (0.7ms)[0m  [1m[34mSELECT `categories`.* FROM `categories` LIMIT 11[0m
  [1m[35m (0.2ms)[0m  [1m[35mBEGIN[0m
  [1m[36mCategory Load (0.4ms)[0m  [1m[34mSELECT `categories`.* FROM `categories` WHERE `categories`.`id` = 1 LIMIT 1[0m
  [1m[35m (0.5ms)[0m  [1m[31mROLLBACK[0m
  [1m[35m (0.4ms)[0m  [1m[35mBEGIN[0m
  [1m[36mCategory Load (0.7ms)[0m  [1m[34mSELECT `categories`.* FROM `categories` WHERE `categories`.`id` = 1 LIMIT 1[0m
  [1m[36mProduct Create (0.7ms)[0m  [1m[32mINSERT INTO `products` (`name`, `category_id`, `description`, `mrp`, `discount`, `discount_type`, `created_at`, `updated_at`) VALUES ('Facial cream', 1, 'dskjfds djfsdk', 5000, 50, 'Fix', '2019-12-27 07:04:26.556734', '2019-12-27 07:04:26.556734')[0m
  [1m[35m (52.4ms)[0m  [1m[35mCOMMIT[0m
  [1m[35m (0.5ms)[0m  [1m[35mBEGIN[0m
  [1m[36mCategory Load (0.6ms)[0m  [1m[34mSELECT `categories`.* FROM `categories` WHERE `categories`.`id` = 1 LIMIT 1[0m
  [1m[36mProduct Create (0.6ms)[0m  [1m[32mINSERT INTO `products` (`name`, `category_id`, `description`, `mrp`, `discount`, `discount_type`, `created_at`, `updated_at`) VALUES ('Facial cream', 1, 'dskjfds djfsdk', 5000, 50, '%', '2019-12-27 07:04:37.109074', '2019-12-27 07:04:37.109074')[0m
  [1m[35m (126.7ms)[0m  [1m[35mCOMMIT[0m
  [1m[36mProduct Load (0.7ms)[0m  [1m[34mSELECT `products`.* FROM `products` LIMIT 11[0m
  [1m[35m (0.4ms)[0m  [1m[35mBEGIN[0m
  [1m[36mCategory Load (0.7ms)[0m  [1m[34mSELECT `categories`.* FROM `categories` WHERE `categories`.`id` = 1 LIMIT 1[0m
  [1m[36mProduct Create (0.6ms)[0m  [1m[32mINSERT INTO `products` (`name`, `category_id`, `description`, `mrp`, `discount`, `created_at`, `updated_at`) VALUES ('Facial cream', 1, 'dskjfds djfsdk', 5000, 50, '2019-12-27 07:08:06.888409', '2019-12-27 07:08:06.888409')[0m
  [1m[35m (45.5ms)[0m  [1m[35mCOMMIT[0m
  [1m[36mProduct Load (0.7ms)[0m  [1m[34mSELECT `products`.* FROM `products` LIMIT 11[0m
  [1m[35m (0.2ms)[0m  [1m[35mBEGIN[0m
  [1m[36mCategory Load (0.4ms)[0m  [1m[34mSELECT `categories`.* FROM `categories` WHERE `categories`.`id` = 1 LIMIT 1[0m
  [1m[35m (0.2ms)[0m  [1m[31mROLLBACK[0m
  [1m[35m (0.3ms)[0m  [1m[35mBEGIN[0m
  [1m[36mCategory Load (0.6ms)[0m  [1m[34mSELECT `categories`.* FROM `categories` WHERE `categories`.`id` = 2 LIMIT 1[0m
  [1m[36mProduct Create (0.2ms)[0m  [1m[32mINSERT INTO `products` (`name`, `category_id`, `description`, `mrp`, `discount`, `discount_type`, `created_at`, `updated_at`) VALUES ('Facial cream', 2, 'dskjfds djfsdk', 5000, 50, '%', '2019-12-27 07:09:03.119848', '2019-12-27 07:09:03.119848')[0m
  [1m[35m (111.2ms)[0m  [1m[35mCOMMIT[0m
  [1m[36mProduct Load (0.7ms)[0m  [1m[34mSELECT `products`.* FROM `products` LIMIT 11[0m
  [1m[35m (0.2ms)[0m  [1m[35mBEGIN[0m
  [1m[36mUser Load (0.4ms)[0m  [1m[34mSELECT `users`.* FROM `users` WHERE `users`.`id` = 1 LIMIT 1[0m
  [1m[35m (0.3ms)[0m  [1m[31mROLLBACK[0m
  [1m[35m (0.2ms)[0m  [1m[35mBEGIN[0m
  [1m[36mUser Load (0.3ms)[0m  [1m[34mSELECT `users`.* FROM `users` WHERE `users`.`id` = 1 LIMIT 1[0m
  [1m[36mOrder Create (0.3ms)[0m  [1m[32mINSERT INTO `orders` (`user_id`, `payment_id`, `payment_mode`, `date_time`, `total`, `status`, `created_at`, `updated_at`) VALUES (1, '1001', 'Cash', '2019-12-27 07:12:30', 2500, 'Success', '2019-12-27 07:12:30.587256', '2019-12-27 07:12:30.587256')[0m
  [1m[35m (49.9ms)[0m  [1m[35mCOMMIT[0m
  [1m[35m (0.2ms)[0m  [1m[35mBEGIN[0m
  [1m[36mUser Load (0.3ms)[0m  [1m[34mSELECT `users`.* FROM `users` WHERE `users`.`id` = 1 LIMIT 1[0m
  [1m[36mOrder Create (0.3ms)[0m  [1m[32mINSERT INTO `orders` (`user_id`, `payment_id`, `payment_mode`, `date_time`, `total`, `status`, `created_at`, `updated_at`) VALUES (1, '1001', 'Cash', '2019-12-27 12:23:01', 2500, 'Success', '2019-12-27 07:23:01.357445', '2019-12-27 07:23:01.357445')[0m
  [1m[35m (79.6ms)[0m  [1m[35mCOMMIT[0m
  [1m[35m (0.2ms)[0m  [1m[35mBEGIN[0m
  [1m[36mUser Load (0.2ms)[0m  [1m[34mSELECT `users`.* FROM `users` WHERE `users`.`id` = 1 LIMIT 1[0m
  [1m[36mOrder Create (0.3ms)[0m  [1m[32mINSERT INTO `orders` (`user_id`, `payment_id`, `payment_mode`, `date_time`, `total`, `status`, `created_at`, `updated_at`) VALUES (1, '1001', 'Cash', '2020-01-01 07:23:23', 2500, 'Success', '2019-12-27 07:23:23.878094', '2019-12-27 07:23:23.878094')[0m
  [1m[35m (50.8ms)[0m  [1m[35mCOMMIT[0m
  [1m[35m (0.1ms)[0m  [1m[35mBEGIN[0m
  [1m[36mUser Load (0.2ms)[0m  [1m[34mSELECT `users`.* FROM `users` WHERE `users`.`id` = 1 LIMIT 1[0m
  [1m[36mOrder Create (0.2ms)[0m  [1m[32mINSERT INTO `orders` (`user_id`, `payment_id`, `payment_mode`, `date_time`, `total`, `status`, `created_at`, `updated_at`) VALUES (1, '1001', 'Cash', '2019-12-22 07:23:55', 2500, 'Success', '2019-12-27 07:23:55.517237', '2019-12-27 07:23:55.517237')[0m
  [1m[35m (113.1ms)[0m  [1m[35mCOMMIT[0m
  [1m[35m (0.4ms)[0m  [1m[35mBEGIN[0m
  [1m[36mUser Load (0.7ms)[0m  [1m[34mSELECT `users`.* FROM `users` WHERE `users`.`id` = 1 LIMIT 1[0m
  [1m[36mOrder Create (1.2ms)[0m  [1m[32mINSERT INTO `orders` (`user_id`, `payment_id`, `date_time`, `total`, `status`, `created_at`, `updated_at`) VALUES (1, '1001', '2019-12-22 07:24:54', 2500, 'Success', '2019-12-27 07:24:54.716260', '2019-12-27 07:24:54.716260')[0m
  [1m[35m (64.0ms)[0m  [1m[35mCOMMIT[0m
  [1m[35m (0.3ms)[0m  [1m[35mBEGIN[0m
  [1m[36mUser Load (0.5ms)[0m  [1m[34mSELECT `users`.* FROM `users` WHERE `users`.`id` = 1 LIMIT 1[0m
  [1m[36mOrder Create (0.5ms)[0m  [1m[32mINSERT INTO `orders` (`user_id`, `payment_id`, `payment_mode`, `date_time`, `total`, `status`, `created_at`, `updated_at`) VALUES (1, '1001', 'Cash Online', '2019-12-22 07:25:05', 2500, 'Success', '2019-12-27 07:25:05.327022', '2019-12-27 07:25:05.327022')[0m
  [1m[35m (111.1ms)[0m  [1m[35mCOMMIT[0m
  [1m[36mOrder Load (0.7ms)[0m  [1m[34mSELECT `orders`.* FROM `orders` LIMIT 11[0m
  [1m[35m (24.7ms)[0m  [1m[35mSET NAMES utf8mb4,  @@SESSION.sql_mode = CONCAT(CONCAT(@@sql_mode, ',STRICT_ALL_TABLES'), ',NO_AUTO_VALUE_ON_ZERO'),  @@SESSION.sql_auto_is_null = 0, @@SESSION.wait_timeout = 2147483[0m
  [1m[36mUser Load (45.5ms)[0m  [1m[34mSELECT `users`.* FROM `users` LIMIT 11[0m
  [1m[36mService Load (26.2ms)[0m  [1m[34mSELECT `services`.* FROM `services` LIMIT 11[0m
  [1m[36mCategory Load (21.7ms)[0m  [1m[34mSELECT `categories`.* FROM `categories` LIMIT 11[0m
  [1m[36mOrder Load (28.9ms)[0m  [1m[34mSELECT `orders`.* FROM `orders` LIMIT 11[0m
  [1m[36mOrderProduct Load (0.8ms)[0m  [1m[34mSELECT `order_products`.* FROM `order_products` LIMIT 11[0m
  [1m[36mProduct Load (1.0ms)[0m  [1m[34mSELECT `products`.* FROM `products` LIMIT 11[0m
  [1m[35m (0.2ms)[0m  [1m[35mBEGIN[0m
  [1m[36mProduct Load (0.4ms)[0m  [1m[34mSELECT `products`.* FROM `products` WHERE `products`.`id` = 1 LIMIT 1[0m
  [1m[36mOrder Load (0.4ms)[0m  [1m[34mSELECT `orders`.* FROM `orders` WHERE `orders`.`id` = 1 LIMIT 1[0m
  [1m[36mOrderProduct Create (21.7ms)[0m  [1m[32mINSERT INTO `order_products` (`product_id`, `order_id`, `price`, `discount`, `discount_type`, `total`, `created_at`, `updated_at`) VALUES (1, 1, 200, 50, 'Fix', 2000, '2019-12-30 05:02:22.169579', '2019-12-30 05:02:22.169579')[0m
  [1m[35m (64.6ms)[0m  [1m[35mCOMMIT[0m
  [1m[35m (0.5ms)[0m  [1m[35mBEGIN[0m
  [1m[36mProduct Load (0.7ms)[0m  [1m[34mSELECT `products`.* FROM `products` WHERE `products`.`id` = 2 LIMIT 1[0m
  [1m[36mOrder Load (0.7ms)[0m  [1m[34mSELECT `orders`.* FROM `orders` WHERE `orders`.`id` = 2 LIMIT 1[0m
  [1m[35m (0.4ms)[0m  [1m[31mROLLBACK[0m
  [1m[35m (0.1ms)[0m  [1m[35mBEGIN[0m
  [1m[36mProduct Load (0.2ms)[0m  [1m[34mSELECT `products`.* FROM `products` WHERE `products`.`id` = 2 LIMIT 1[0m
  [1m[36mOrder Load (0.2ms)[0m  [1m[34mSELECT `orders`.* FROM `orders` WHERE `orders`.`id` = 2 LIMIT 1[0m
  [1m[35m (0.1ms)[0m  [1m[31mROLLBACK[0m
  [1m[35m (0.2ms)[0m  [1m[35mBEGIN[0m
  [1m[36mProduct Load (0.3ms)[0m  [1m[34mSELECT `products`.* FROM `products` WHERE `products`.`id` = 2 LIMIT 1[0m
  [1m[36mOrder Load (0.6ms)[0m  [1m[34mSELECT `orders`.* FROM `orders` WHERE `orders`.`id` = 2 LIMIT 1[0m
  [1m[36mOrderProduct Create (0.4ms)[0m  [1m[32mINSERT INTO `order_products` (`product_id`, `order_id`, `price`, `discount`, `discount_type`, `total`, `created_at`, `updated_at`) VALUES (2, 2, 200, 70, 'Fix', 2000, '2019-12-30 05:03:24.972649', '2019-12-30 05:03:24.972649')[0m
  [1m[35m (81.3ms)[0m  [1m[35mCOMMIT[0m
  [1m[36mOrderProduct Load (0.7ms)[0m  [1m[34mSELECT `order_products`.* FROM `order_products` LIMIT 11[0m
  [1m[35m (0.2ms)[0m  [1m[35mBEGIN[0m
  [1m[36mUser Load (0.3ms)[0m  [1m[34mSELECT `users`.* FROM `users` WHERE `users`.`id` = 1 LIMIT 1[0m
  [1m[35m (0.2ms)[0m  [1m[31mROLLBACK[0m
  [1m[35m (0.3ms)[0m  [1m[35mBEGIN[0m
  [1m[36mUser Load (0.2ms)[0m  [1m[34mSELECT `users`.* FROM `users` WHERE `users`.`id` = 1 LIMIT 1[0m
  [1m[35m (0.1ms)[0m  [1m[31mROLLBACK[0m
  [1m[35m (0.4ms)[0m  [1m[35mBEGIN[0m
  [1m[36mUser Load (0.6ms)[0m  [1m[34mSELECT `users`.* FROM `users` WHERE `users`.`id` = 1 LIMIT 1[0m
  [1m[35m (0.4ms)[0m  [1m[31mROLLBACK[0m
  [1m[35m (0.3ms)[0m  [1m[35mBEGIN[0m
  [1m[36mUser Load (0.3ms)[0m  [1m[34mSELECT `users`.* FROM `users` WHERE `users`.`id` = 1 LIMIT 1[0m
  [1m[36mService Load (0.2ms)[0m  [1m[34mSELECT `services`.* FROM `services` WHERE `services`.`id` = 1 LIMIT 1[0m
  [1m[36mAppointment Create (0.2ms)[0m  [1m[32mINSERT INTO `appointments` (`user_id`, `service_id`, `payment_id`, `payment_mode`, `price`, `start_time`, `end_time`, `status`, `remark`, `created_at`, `updated_at`) VALUES (1, 1, '1111', 'Cash', 500, '2019-12-30 05:13:17', '2019-12-30 10:13:17', 'booked', 'good service for this saloon', '2019-12-30 05:13:17.898787', '2019-12-30 05:13:17.898787')[0m
  [1m[35m (75.9ms)[0m  [1m[35mCOMMIT[0m
  [1m[35m (0.1ms)[0m  [1m[35mBEGIN[0m
  [1m[36mUser Load (0.2ms)[0m  [1m[34mSELECT `users`.* FROM `users` WHERE `users`.`id` = 2 LIMIT 1[0m
  [1m[36mService Load (0.3ms)[0m  [1m[34mSELECT `services`.* FROM `services` WHERE `services`.`id` = 2 LIMIT 1[0m
  [1m[36mAppointment Create (0.3ms)[0m  [1m[32mINSERT INTO `appointments` (`user_id`, `service_id`, `payment_id`, `payment_mode`, `price`, `start_time`, `end_time`, `status`, `remark`, `created_at`, `updated_at`) VALUES (2, 2, '2002', 'Cheque', 2000, '2019-12-30 05:14:16', '2019-12-30 10:14:16', 'Cancled', 'good service for this saloon', '2019-12-30 05:14:16.408421', '2019-12-30 05:14:16.408421')[0m
  [1m[35m (107.8ms)[0m  [1m[35mCOMMIT[0m
  [1m[36mAppointment Load (0.7ms)[0m  [1m[34mSELECT `appointments`.* FROM `appointments` LIMIT 11[0m
Started GET "/users" for ::1 at 2019-12-31 11:21:53 +0530
  [1m[35m (36.4ms)[0m  [1m[35mSET NAMES utf8mb4,  @@SESSION.sql_mode = CONCAT(CONCAT(@@sql_mode, ',STRICT_ALL_TABLES'), ',NO_AUTO_VALUE_ON_ZERO'),  @@SESSION.sql_auto_is_null = 0, @@SESSION.wait_timeout = 2147483[0m
  [1m[35m (0.6ms)[0m  [1m[34mSELECT `schema_migrations`.`version` FROM `schema_migrations` ORDER BY `schema_migrations`.`version` ASC[0m
  
ActionController::RoutingError (No route matches [GET] "/users"):
  
actionpack (6.0.0) lib/action_dispatch/middleware/debug_exceptions.rb:36:in `call'
web-console (4.0.1) lib/web_console/middleware.rb:132:in `call_app'
web-console (4.0.1) lib/web_console/middleware.rb:28:in `block in call'
web-console (4.0.1) lib/web_console/middleware.rb:17:in `catch'
web-console (4.0.1) lib/web_console/middleware.rb:17:in `call'
actionpack (6.0.0) lib/action_dispatch/middleware/show_exceptions.rb:33:in `call'
railties (6.0.0) lib/rails/rack/logger.rb:38:in `call_app'
railties (6.0.0) lib/rails/rack/logger.rb:26:in `block in call'
activesupport (6.0.0) lib/active_support/tagged_logging.rb:80:in `block in tagged'
activesupport (6.0.0) lib/active_support/tagged_logging.rb:28:in `tagged'
activesupport (6.0.0) lib/active_support/tagged_logging.rb:80:in `tagged'
railties (6.0.0) lib/rails/rack/logger.rb:26:in `call'
sprockets-rails (3.2.1) lib/sprockets/rails/quiet_assets.rb:13:in `call'
actionpack (6.0.0) lib/action_dispatch/middleware/remote_ip.rb:81:in `call'
actionpack (6.0.0) lib/action_dispatch/middleware/request_id.rb:27:in `call'
rack (2.0.7) lib/rack/method_override.rb:22:in `call'
rack (2.0.7) lib/rack/runtime.rb:22:in `call'
activesupport (6.0.0) lib/active_support/cache/strategy/local_cache_middleware.rb:29:in `call'
actionpack (6.0.0) lib/action_dispatch/middleware/executor.rb:14:in `call'
actionpack (6.0.0) lib/action_dispatch/middleware/static.rb:126:in `call'
rack (2.0.7) lib/rack/sendfile.rb:111:in `call'
actionpack (6.0.0) lib/action_dispatch/middleware/host_authorization.rb:83:in `call'
webpacker (4.0.7) lib/webpacker/dev_server_proxy.rb:29:in `perform_request'
rack-proxy (0.6.5) lib/rack/proxy.rb:57:in `call'
railties (6.0.0) lib/rails/engine.rb:526:in `call'
puma (3.12.1) lib/puma/configuration.rb:227:in `call'
puma (3.12.1) lib/puma/server.rb:660:in `handle_request'
puma (3.12.1) lib/puma/server.rb:474:in `process_client'
puma (3.12.1) lib/puma/server.rb:334:in `block in run'
puma (3.12.1) lib/puma/thread_pool.rb:135:in `block in spawn_thread'
Started GET "/" for ::1 at 2019-12-31 11:21:55 +0530
Processing by Rails::WelcomeController#index as HTML
  Rendering /usr/local/rvm/gems/ruby-2.6.3/gems/railties-6.0.0/lib/rails/templates/rails/welcome/index.html.erb
  Rendered /usr/local/rvm/gems/ruby-2.6.3/gems/railties-6.0.0/lib/rails/templates/rails/welcome/index.html.erb (Duration: 45.9ms | Allocations: 197)
Completed 200 OK in 110ms (Views: 54.3ms | ActiveRecord: 0.0ms | Allocations: 951)


Started GET "/application" for ::1 at 2019-12-31 11:31:32 +0530
  [1m[35m (0.4ms)[0m  [1m[35mSET NAMES utf8mb4,  @@SESSION.sql_mode = CONCAT(CONCAT(@@sql_mode, ',STRICT_ALL_TABLES'), ',NO_AUTO_VALUE_ON_ZERO'),  @@SESSION.sql_auto_is_null = 0, @@SESSION.wait_timeout = 2147483[0m
  
ActionController::RoutingError (No route matches [GET] "/application"):
  
actionpack (6.0.0) lib/action_dispatch/middleware/debug_exceptions.rb:36:in `call'
web-console (4.0.1) lib/web_console/middleware.rb:132:in `call_app'
web-console (4.0.1) lib/web_console/middleware.rb:28:in `block in call'
web-console (4.0.1) lib/web_console/middleware.rb:17:in `catch'
web-console (4.0.1) lib/web_console/middleware.rb:17:in `call'
actionpack (6.0.0) lib/action_dispatch/middleware/show_exceptions.rb:33:in `call'
railties (6.0.0) lib/rails/rack/logger.rb:38:in `call_app'
railties (6.0.0) lib/rails/rack/logger.rb:26:in `block in call'
activesupport (6.0.0) lib/active_support/tagged_logging.rb:80:in `block in tagged'
activesupport (6.0.0) lib/active_support/tagged_logging.rb:28:in `tagged'
activesupport (6.0.0) lib/active_support/tagged_logging.rb:80:in `tagged'
railties (6.0.0) lib/rails/rack/logger.rb:26:in `call'
sprockets-rails (3.2.1) lib/sprockets/rails/quiet_assets.rb:13:in `call'
actionpack (6.0.0) lib/action_dispatch/middleware/remote_ip.rb:81:in `call'
actionpack (6.0.0) lib/action_dispatch/middleware/request_id.rb:27:in `call'
rack (2.0.7) lib/rack/method_override.rb:22:in `call'
rack (2.0.7) lib/rack/runtime.rb:22:in `call'
activesupport (6.0.0) lib/active_support/cache/strategy/local_cache_middleware.rb:29:in `call'
actionpack (6.0.0) lib/action_dispatch/middleware/executor.rb:14:in `call'
actionpack (6.0.0) lib/action_dispatch/middleware/static.rb:126:in `call'
rack (2.0.7) lib/rack/sendfile.rb:111:in `call'
actionpack (6.0.0) lib/action_dispatch/middleware/host_authorization.rb:83:in `call'
webpacker (4.0.7) lib/webpacker/dev_server_proxy.rb:29:in `perform_request'
rack-proxy (0.6.5) lib/rack/proxy.rb:57:in `call'
railties (6.0.0) lib/rails/engine.rb:526:in `call'
puma (3.12.1) lib/puma/configuration.rb:227:in `call'
puma (3.12.1) lib/puma/server.rb:660:in `handle_request'
puma (3.12.1) lib/puma/server.rb:474:in `process_client'
puma (3.12.1) lib/puma/server.rb:334:in `block in run'
puma (3.12.1) lib/puma/thread_pool.rb:135:in `block in spawn_thread'
Started GET "/applications" for ::1 at 2019-12-31 11:31:35 +0530
  
ActionController::RoutingError (No route matches [GET] "/applications"):
  
actionpack (6.0.0) lib/action_dispatch/middleware/debug_exceptions.rb:36:in `call'
web-console (4.0.1) lib/web_console/middleware.rb:132:in `call_app'
web-console (4.0.1) lib/web_console/middleware.rb:28:in `block in call'
web-console (4.0.1) lib/web_console/middleware.rb:17:in `catch'
web-console (4.0.1) lib/web_console/middleware.rb:17:in `call'
actionpack (6.0.0) lib/action_dispatch/middleware/show_exceptions.rb:33:in `call'
railties (6.0.0) lib/rails/rack/logger.rb:38:in `call_app'
railties (6.0.0) lib/rails/rack/logger.rb:26:in `block in call'
activesupport (6.0.0) lib/active_support/tagged_logging.rb:80:in `block in tagged'
activesupport (6.0.0) lib/active_support/tagged_logging.rb:28:in `tagged'
activesupport (6.0.0) lib/active_support/tagged_logging.rb:80:in `tagged'
railties (6.0.0) lib/rails/rack/logger.rb:26:in `call'
sprockets-rails (3.2.1) lib/sprockets/rails/quiet_assets.rb:13:in `call'
actionpack (6.0.0) lib/action_dispatch/middleware/remote_ip.rb:81:in `call'
actionpack (6.0.0) lib/action_dispatch/middleware/request_id.rb:27:in `call'
rack (2.0.7) lib/rack/method_override.rb:22:in `call'
rack (2.0.7) lib/rack/runtime.rb:22:in `call'
activesupport (6.0.0) lib/active_support/cache/strategy/local_cache_middleware.rb:29:in `call'
actionpack (6.0.0) lib/action_dispatch/middleware/executor.rb:14:in `call'
actionpack (6.0.0) lib/action_dispatch/middleware/static.rb:126:in `call'
rack (2.0.7) lib/rack/sendfile.rb:111:in `call'
actionpack (6.0.0) lib/action_dispatch/middleware/host_authorization.rb:83:in `call'
webpacker (4.0.7) lib/webpacker/dev_server_proxy.rb:29:in `perform_request'
rack-proxy (0.6.5) lib/rack/proxy.rb:57:in `call'
railties (6.0.0) lib/rails/engine.rb:526:in `call'
puma (3.12.1) lib/puma/configuration.rb:227:in `call'
puma (3.12.1) lib/puma/server.rb:660:in `handle_request'
puma (3.12.1) lib/puma/server.rb:474:in `process_client'
puma (3.12.1) lib/puma/server.rb:334:in `block in run'
puma (3.12.1) lib/puma/thread_pool.rb:135:in `block in spawn_thread'
Started GET "/" for ::1 at 2019-12-31 11:31:40 +0530
Processing by Rails::WelcomeController#index as HTML
  Rendering /usr/local/rvm/gems/ruby-2.6.3/gems/railties-6.0.0/lib/rails/templates/rails/welcome/index.html.erb
  Rendered /usr/local/rvm/gems/ruby-2.6.3/gems/railties-6.0.0/lib/rails/templates/rails/welcome/index.html.erb (Duration: 17.4ms | Allocations: 191)
Completed 200 OK in 23ms (Views: 20.5ms | ActiveRecord: 0.0ms | Allocations: 794)


Started GET "/users" for ::1 at 2019-12-31 11:33:03 +0530
  
ActionController::RoutingError (No route matches [GET] "/users"):
  
actionpack (6.0.0) lib/action_dispatch/middleware/debug_exceptions.rb:36:in `call'
web-console (4.0.1) lib/web_console/middleware.rb:132:in `call_app'
web-console (4.0.1) lib/web_console/middleware.rb:28:in `block in call'
web-console (4.0.1) lib/web_console/middleware.rb:17:in `catch'
web-console (4.0.1) lib/web_console/middleware.rb:17:in `call'
actionpack (6.0.0) lib/action_dispatch/middleware/show_exceptions.rb:33:in `call'
railties (6.0.0) lib/rails/rack/logger.rb:38:in `call_app'
railties (6.0.0) lib/rails/rack/logger.rb:26:in `block in call'
activesupport (6.0.0) lib/active_support/tagged_logging.rb:80:in `block in tagged'
activesupport (6.0.0) lib/active_support/tagged_logging.rb:28:in `tagged'
activesupport (6.0.0) lib/active_support/tagged_logging.rb:80:in `tagged'
railties (6.0.0) lib/rails/rack/logger.rb:26:in `call'
sprockets-rails (3.2.1) lib/sprockets/rails/quiet_assets.rb:13:in `call'
actionpack (6.0.0) lib/action_dispatch/middleware/remote_ip.rb:81:in `call'
actionpack (6.0.0) lib/action_dispatch/middleware/request_id.rb:27:in `call'
rack (2.0.7) lib/rack/method_override.rb:22:in `call'
rack (2.0.7) lib/rack/runtime.rb:22:in `call'
activesupport (6.0.0) lib/active_support/cache/strategy/local_cache_middleware.rb:29:in `call'
actionpack (6.0.0) lib/action_dispatch/middleware/executor.rb:14:in `call'
actionpack (6.0.0) lib/action_dispatch/middleware/static.rb:126:in `call'
rack (2.0.7) lib/rack/sendfile.rb:111:in `call'
actionpack (6.0.0) lib/action_dispatch/middleware/host_authorization.rb:83:in `call'
webpacker (4.0.7) lib/webpacker/dev_server_proxy.rb:29:in `perform_request'
rack-proxy (0.6.5) lib/rack/proxy.rb:57:in `call'
railties (6.0.0) lib/rails/engine.rb:526:in `call'
puma (3.12.1) lib/puma/configuration.rb:227:in `call'
puma (3.12.1) lib/puma/server.rb:660:in `handle_request'
puma (3.12.1) lib/puma/server.rb:474:in `process_client'
puma (3.12.1) lib/puma/server.rb:334:in `block in run'
puma (3.12.1) lib/puma/thread_pool.rb:135:in `block in spawn_thread'
Started GET "/" for ::1 at 2019-12-31 11:33:16 +0530
Processing by Rails::WelcomeController#index as HTML
  Rendering /usr/local/rvm/gems/ruby-2.6.3/gems/railties-6.0.0/lib/rails/templates/rails/welcome/index.html.erb
  Rendered /usr/local/rvm/gems/ruby-2.6.3/gems/railties-6.0.0/lib/rails/templates/rails/welcome/index.html.erb (Duration: 0.2ms | Allocations: 7)
Completed 200 OK in 1ms (Views: 0.8ms | ActiveRecord: 0.0ms | Allocations: 303)


